[debug] [2023-09-04T09:59:51.642Z] ----------------------------------------------------------------------
[debug] [2023-09-04T09:59:51.645Z] Command:       C:\Program Files\nodejs\node.exe C:\Users\Mangesh\AppData\Roaming\npm\node_modules\firebase-tools\lib\bin\firebase.js deploy
[debug] [2023-09-04T09:59:51.645Z] CLI Version:   12.5.2
[debug] [2023-09-04T09:59:51.645Z] Platform:      win32
[debug] [2023-09-04T09:59:51.646Z] Node Version:  v18.13.0
[debug] [2023-09-04T09:59:51.647Z] Time:          Mon Sep 04 2023 15:29:51 GMT+0530 (India Standard Time)
[debug] [2023-09-04T09:59:51.647Z] ----------------------------------------------------------------------
[debug] 
[debug] [2023-09-04T09:59:51.756Z] > command requires scopes: ["email","openid","https://www.googleapis.com/auth/cloudplatformprojects.readonly","https://www.googleapis.com/auth/firebase","https://www.googleapis.com/auth/cloud-platform"]
[debug] [2023-09-04T09:59:51.757Z] > authorizing via signed-in user (manpatil1451@gmail.com)
[debug] [2023-09-04T09:59:51.757Z] [iam] checking project iste-pccoe for permissions ["cloudconfig.configs.get","cloudconfig.configs.update","firebase.projects.get","firebasehosting.sites.update","firebaserules.releases.create","firebaserules.releases.update","firebaserules.rulesets.create"]
[debug] [2023-09-04T09:59:51.759Z] > refreshing access token with scopes: []
[debug] [2023-09-04T09:59:51.762Z] >>> [apiv2][query] POST https://www.googleapis.com/oauth2/v3/token [none]
[debug] [2023-09-04T09:59:51.762Z] >>> [apiv2][body] POST https://www.googleapis.com/oauth2/v3/token [omitted]
[debug] [2023-09-04T09:59:52.035Z] <<< [apiv2][status] POST https://www.googleapis.com/oauth2/v3/token 200
[debug] [2023-09-04T09:59:52.036Z] <<< [apiv2][body] POST https://www.googleapis.com/oauth2/v3/token [omitted]
[debug] [2023-09-04T09:59:52.051Z] >>> [apiv2][query] POST https://cloudresourcemanager.googleapis.com/v1/projects/iste-pccoe:testIamPermissions [none]
[debug] [2023-09-04T09:59:52.051Z] >>> [apiv2][(partial)header] POST https://cloudresourcemanager.googleapis.com/v1/projects/iste-pccoe:testIamPermissions x-goog-quota-user=projects/iste-pccoe
[debug] [2023-09-04T09:59:52.051Z] >>> [apiv2][body] POST https://cloudresourcemanager.googleapis.com/v1/projects/iste-pccoe:testIamPermissions {"permissions":["cloudconfig.configs.get","cloudconfig.configs.update","firebase.projects.get","firebasehosting.sites.update","firebaserules.releases.create","firebaserules.releases.update","firebaserules.rulesets.create"]}
[debug] [2023-09-04T09:59:53.648Z] <<< [apiv2][status] POST https://cloudresourcemanager.googleapis.com/v1/projects/iste-pccoe:testIamPermissions 200
[debug] [2023-09-04T09:59:53.649Z] <<< [apiv2][body] POST https://cloudresourcemanager.googleapis.com/v1/projects/iste-pccoe:testIamPermissions {"permissions":["cloudconfig.configs.get","cloudconfig.configs.update","firebase.projects.get","firebasehosting.sites.update","firebaserules.releases.create","firebaserules.releases.update","firebaserules.rulesets.create"]}
[debug] [2023-09-04T09:59:53.650Z] >>> [apiv2][query] GET https://firebase.googleapis.com/v1beta1/projects/iste-pccoe [none]
[debug] [2023-09-04T09:59:54.162Z] <<< [apiv2][status] GET https://firebase.googleapis.com/v1beta1/projects/iste-pccoe 200
[debug] [2023-09-04T09:59:54.162Z] <<< [apiv2][body] GET https://firebase.googleapis.com/v1beta1/projects/iste-pccoe {"projectId":"iste-pccoe","projectNumber":"141872760693","displayName":"iste-pccoe","name":"projects/iste-pccoe","resources":{"hostingSite":"iste-pccoe","storageBucket":"iste-pccoe.appspot.com","locationId":"asia-south1"},"state":"ACTIVE","etag":"1_a7a19584-251d-40db-9a88-7bea353eb63e"}
[debug] [2023-09-04T09:59:54.164Z] Specified "public" directory "build" does not exist; Deploy to Hosting site "iste-pccoe" may fail or be empty.
[info] 
[info] === Deploying to 'iste-pccoe'...
[info] 
[info] i  deploying storage, hosting, remoteconfig 
[debug] [2023-09-04T09:59:54.169Z] >>> [apiv2][query] GET https://firebase.googleapis.com/v1beta1/projects/iste-pccoe [none]
[debug] [2023-09-04T09:59:54.673Z] <<< [apiv2][status] GET https://firebase.googleapis.com/v1beta1/projects/iste-pccoe 200
[debug] [2023-09-04T09:59:54.673Z] <<< [apiv2][body] GET https://firebase.googleapis.com/v1beta1/projects/iste-pccoe {"projectId":"iste-pccoe","projectNumber":"141872760693","displayName":"iste-pccoe","name":"projects/iste-pccoe","resources":{"hostingSite":"iste-pccoe","storageBucket":"iste-pccoe.appspot.com","locationId":"asia-south1"},"state":"ACTIVE","etag":"1_a7a19584-251d-40db-9a88-7bea353eb63e"}
[info] i  firebase.storage: checking storage.rules for compilation errors... 
[debug] [2023-09-04T09:59:54.676Z] >>> [apiv2][query] POST https://firebaserules.googleapis.com/v1/projects/iste-pccoe:test [none]
[debug] [2023-09-04T09:59:54.677Z] >>> [apiv2][body] POST https://firebaserules.googleapis.com/v1/projects/iste-pccoe:test [omitted]
[debug] [2023-09-04T09:59:56.198Z] <<< [apiv2][status] POST https://firebaserules.googleapis.com/v1/projects/iste-pccoe:test 200
[debug] [2023-09-04T09:59:56.198Z] <<< [apiv2][body] POST https://firebaserules.googleapis.com/v1/projects/iste-pccoe:test {}
[info] +  firebase.storage: rules file storage.rules compiled successfully 
[debug] [2023-09-04T09:59:56.209Z] >>> [apiv2][query] POST https://firebasehosting.googleapis.com/v1beta1/projects/-/sites/iste-pccoe/versions [none]
[debug] [2023-09-04T09:59:56.209Z] >>> [apiv2][body] POST https://firebasehosting.googleapis.com/v1beta1/projects/-/sites/iste-pccoe/versions {"status":"CREATED","labels":{"deployment-tool":"cli-firebase"}}
[debug] [2023-09-04T09:59:57.855Z] <<< [apiv2][status] POST https://firebasehosting.googleapis.com/v1beta1/projects/-/sites/iste-pccoe/versions 200
[debug] [2023-09-04T09:59:57.855Z] <<< [apiv2][body] POST https://firebasehosting.googleapis.com/v1beta1/projects/-/sites/iste-pccoe/versions {"name":"projects/141872760693/sites/iste-pccoe/versions/20de7ed66c6a1ebc","status":"CREATED","config":{},"labels":{"deployment-tool":"cli-firebase"}}
[debug] [2023-09-04T09:59:57.856Z] >>> [apiv2][query] GET https://firebase.googleapis.com/v1beta1/projects/iste-pccoe [none]
[debug] [2023-09-04T09:59:58.359Z] <<< [apiv2][status] GET https://firebase.googleapis.com/v1beta1/projects/iste-pccoe 200
[debug] [2023-09-04T09:59:58.360Z] <<< [apiv2][body] GET https://firebase.googleapis.com/v1beta1/projects/iste-pccoe {"projectId":"iste-pccoe","projectNumber":"141872760693","displayName":"iste-pccoe","name":"projects/iste-pccoe","resources":{"hostingSite":"iste-pccoe","storageBucket":"iste-pccoe.appspot.com","locationId":"asia-south1"},"state":"ACTIVE","etag":"1_a7a19584-251d-40db-9a88-7bea353eb63e"}
[debug] [2023-09-04T09:59:58.360Z] >>> [apiv2][query] GET https://firebaseremoteconfig.googleapis.com/v1/projects/141872760693/remoteConfig 
[debug] [2023-09-04T09:59:58.872Z] <<< [apiv2][status] GET https://firebaseremoteconfig.googleapis.com/v1/projects/141872760693/remoteConfig 200
[debug] [2023-09-04T09:59:58.873Z] <<< [apiv2][body] GET https://firebaseremoteconfig.googleapis.com/v1/projects/141872760693/remoteConfig {}
[debug] [2023-09-04T09:59:58.874Z] >>> [apiv2][query] GET https://firebaserules.googleapis.com/v1/projects/iste-pccoe/releases pageSize=10&pageToken=
[debug] [2023-09-04T10:00:00.511Z] <<< [apiv2][status] GET https://firebaserules.googleapis.com/v1/projects/iste-pccoe/releases 200
[debug] [2023-09-04T10:00:00.512Z] <<< [apiv2][body] GET https://firebaserules.googleapis.com/v1/projects/iste-pccoe/releases {"releases":[{"name":"projects/iste-pccoe/releases/cloud.firestore","rulesetName":"projects/iste-pccoe/rulesets/b9f5659f-d4e2-4af0-a944-a8e38a5255e0","createTime":"2023-08-27T08:27:15.637840Z","updateTime":"2023-09-02T12:46:58.452429Z"}]}
[debug] [2023-09-04T10:00:00.514Z] >>> [apiv2][query] POST https://cloudresourcemanager.googleapis.com/v1/projects/141872760693:getIamPolicy [none]
[debug] [2023-09-04T10:00:02.150Z] <<< [apiv2][status] POST https://cloudresourcemanager.googleapis.com/v1/projects/141872760693:getIamPolicy 200
[debug] [2023-09-04T10:00:02.151Z] <<< [apiv2][body] POST https://cloudresourcemanager.googleapis.com/v1/projects/141872760693:getIamPolicy {"version":1,"etag":"BwYEd5jcMMg=","bindings":[{"role":"roles/artifactregistry.serviceAgent","members":["serviceAccount:service-141872760693@gcp-sa-artifactregistry.iam.gserviceaccount.com"]},{"role":"roles/cloudbuild.builds.builder","members":["serviceAccount:141872760693@cloudbuild.gserviceaccount.com"]},{"role":"roles/cloudbuild.serviceAgent","members":["serviceAccount:service-141872760693@gcp-sa-cloudbuild.iam.gserviceaccount.com"]},{"role":"roles/cloudfunctions.admin","members":["serviceAccount:firebase-adminsdk-6h6kq@iste-pccoe.iam.gserviceaccount.com","user:manpatil1451@gmail.com"]},{"role":"roles/cloudfunctions.developer","members":["serviceAccount:github-action-640329653@iste-pccoe.iam.gserviceaccount.com"]},{"role":"roles/cloudfunctions.serviceAgent","members":["serviceAccount:service-141872760693@gcf-admin-robot.iam.gserviceaccount.com"]},{"role":"roles/containerregistry.ServiceAgent","members":["serviceAccount:service-141872760693@containerregistry.iam.gserviceaccount.com"]},{"role":"roles/domains.admin","members":["user:manpatil1451@gmail.com"]},{"role":"roles/editor","members":["serviceAccount:141872760693-compute@developer.gserviceaccount.com","serviceAccount:iste-pccoe@appspot.gserviceaccount.com"]},{"role":"roles/file.editor","members":["user:manpatil1451@gmail.com"]},{"role":"roles/firebase.managementServiceAgent","members":["serviceAccount:firebase-service-account@firebase-sa-management.iam.gserviceaccount.com","serviceAccount:service-141872760693@gcp-sa-firebase.iam.gserviceaccount.com"]},{"role":"roles/firebase.sdkAdminServiceAgent","members":["serviceAccount:firebase-adminsdk-6h6kq@iste-pccoe.iam.gserviceaccount.com"]},{"role":"roles/firebaseauth.admin","members":["serviceAccount:firebase-adminsdk-6h6kq@iste-pccoe.iam.gserviceaccount.com","serviceAccount:github-action-640329653@iste-pccoe.iam.gserviceaccount.com"]},{"role":"roles/firebasehosting.admin","members":["serviceAccount:github-action-640329653@iste-pccoe.iam.gserviceaccount.com"]},{"role":"roles/firebaserules.system","members":["serviceAccount:service-141872760693@firebase-rules.iam.gserviceaccount.com"]},{"role":"roles/firestore.serviceAgent","members":["serviceAccount:service-141872760693@gcp-sa-firestore.iam.gserviceaccount.com"]},{"role":"roles/iam.serviceAccountTokenCreator","members":["serviceAccount:firebase-adminsdk-6h6kq@iste-pccoe.iam.gserviceaccount.com"]},{"role":"roles/owner","members":["user:abhijeetvijaybhushari242002@gmail.com","user:manpatil1451@gmail.com"]},{"role":"roles/pubsub.serviceAgent","members":["serviceAccount:service-141872760693@gcp-sa-pubsub.iam.gserviceaccount.com"]},{"role":"roles/run.serviceAgent","members":["serviceAccount:service-141872760693@serverless-robot-prod.iam.gserviceaccount.com"]},{"role":"roles/run.viewer","members":["serviceAccount:github-action-640329653@iste-pccoe.iam.gserviceaccount.com"]},{"role":"roles/serviceusage.apiKeysViewer","members":["serviceAccount:github-action-640329653@iste-pccoe.iam.gserviceaccount.com"]}]}
